<?xml version="1.0" encoding="UTF-8"?>
<!-- Generated by org.testng.reporters.JUnitReportReporter -->
<testsuite skipped="0" hostname="dell1" name="com.pre.scripts.FunctionalCases" tests="1" failures="0" timestamp="2020-12-15T18:55:07 IST" time="41.966" errors="0">
  <testcase name="search" time="41.966" classname="com.pre.scripts.FunctionalCases"/>
  <system-out/>
</testsuite> <!-- com.pre.scripts.FunctionalCases -->
